<?xml version="1.0" encoding="utf-8"?><testsuites name="pytest tests"><testsuite name="pytest" errors="0" failures="0" skipped="0" tests="20" time="2.022" timestamp="2026-06-19T01:13:30.240650+00:00" hostname="agent-env-d343cf5d-1dcb-4eec-9483-efce4c83c8ca"><testcase classname="backend.tests.test_backend.TestHealth" name="test_root" time="0.409" /><testcase classname="backend.tests.test_backend.TestAuth" name="test_register_new_and_verify" time="0.118" /><testcase classname="backend.tests.test_backend.TestAuth" name="test_verify_wrong_otp" time="0.161" /><testcase classname="backend.tests.test_backend.TestAuth" name="test_me_with_token" time="0.043" /><testcase classname="backend.tests.test_backend.TestAuth" name="test_me_unauthorized" time="0.046" /><testcase classname="backend.tests.test_backend.TestAuth" name="test_login_existing" time="0.046" /><testcase classname="backend.tests.test_backend.TestAuth" name="test_login_not_registered" time="0.044" /><testcase classname="backend.tests.test_backend.TestContent" name="test_weather" time="0.045" /><testcase classname="backend.tests.test_backend.TestContent" name="test_categories_16" time="0.042" /><testcase classname="backend.tests.test_backend.TestContent" name="test_firmalar_list_and_filter_and_detail" time="0.173" /><testcase classname="backend.tests.test_backend.TestContent" name="test_haberler" time="0.085" /><testcase classname="backend.tests.test_backend.TestContent" name="test_etkinlikler" time="0.090" /><testcase classname="backend.tests.test_backend.TestContent" name="test_ilanlar" time="0.091" /><testcase classname="backend.tests.test_backend.TestContent" name="test_is_ilanlari" time="0.041" /><testcase classname="backend.tests.test_backend.TestContent" name="test_eczane" time="0.041" /><testcase classname="backend.tests.test_backend.TestContent" name="test_stories" time="0.043" /><testcase classname="backend.tests.test_backend.TestContent" name="test_posts_list" time="0.045" /><testcase classname="backend.tests.test_backend.TestContent" name="test_discover" time="0.042" /><testcase classname="backend.tests.test_backend.TestSocial" name="test_create_like_comment" time="0.276" /><testcase classname="backend.tests.test_backend.TestSocial" name="test_create_post_unauthorized" time="0.050" /></testsuite></testsuites>