<?xml version="1.0" encoding="utf-8"?><testsuites name="pytest tests"><testsuite name="pytest" errors="0" failures="1" skipped="0" tests="26" time="2.315" timestamp="2026-06-19T01:45:33.968274+00:00" hostname="agent-env-d343cf5d-1dcb-4eec-9483-efce4c83c8ca"><testcase classname="tests.test_backend.TestHealth" name="test_root" time="0.270" /><testcase classname="tests.test_backend.TestAuth" name="test_register_new_and_verify" time="0.098" /><testcase classname="tests.test_backend.TestAuth" name="test_verify_wrong_otp" time="0.147" /><testcase classname="tests.test_backend.TestAuth" name="test_me_with_token" time="0.049" /><testcase classname="tests.test_backend.TestAuth" name="test_me_unauthorized" time="0.048" /><testcase classname="tests.test_backend.TestAuth" name="test_login_existing" time="0.051" /><testcase classname="tests.test_backend.TestAuth" name="test_login_not_registered" time="0.048" /><testcase classname="tests.test_backend.TestContent" name="test_weather" time="0.049" /><testcase classname="tests.test_backend.TestContent" name="test_categories_16" time="0.059"><failure message="AssertionError: assert 21 == 16&#10; +  where 21 = len([{'slug': 'eczane', 'name': 'Nöbetçi Eczane', 'subtitle': 'Bugün nöbetçi eczaneler', 'icon': 'medkit', ...}, {'slug': 'otobus', 'name': 'Ulaşım', 'subtitle': 'Otobüs hatları ve ulaşım bilgileri', 'icon': 'bus', ...}, {'slug': 'namaz', 'name': 'Namaz Vakitleri', 'subtitle': 'Seydişehir için günlük vakitler', 'icon': 'moon', ...}, {'slug': 'alo-taksi', 'name': 'Alo Taksi', 'subtitle': 'Taksi / Alo Taksi', 'icon': 'car-sport', ...}, {'slug': 'haberler', 'name': 'Haberler', 'subtitle': 'Şehirden son haberler', 'icon': 'newspaper', ...}, {'slug': 'etkinlikler', 'name': 'Etkinlikler', 'subtitle': 'Konser, spor ve kültür etkinlikleri', 'icon': 'calendar', ...}, ...])">tests/test_backend.py:99: in test_categories_16
    assert len(cats) == 16
E   AssertionError: assert 21 == 16
E    +  where 21 = len([{'slug': 'eczane', 'name': 'Nöbetçi Eczane', 'subtitle': 'Bugün nöbetçi eczaneler', 'icon': 'medkit', ...}, {'slug': 'otobus', 'name': 'Ulaşım', 'subtitle': 'Otobüs hatları ve ulaşım bilgileri', 'icon': 'bus', ...}, {'slug': 'namaz', 'name': 'Namaz Vakitleri', 'subtitle': 'Seydişehir için günlük vakitler', 'icon': 'moon', ...}, {'slug': 'alo-taksi', 'name': 'Alo Taksi', 'subtitle': 'Taksi / Alo Taksi', 'icon': 'car-sport', ...}, {'slug': 'haberler', 'name': 'Haberler', 'subtitle': 'Şehirden son haberler', 'icon': 'newspaper', ...}, {'slug': 'etkinlikler', 'name': 'Etkinlikler', 'subtitle': 'Konser, spor ve kültür etkinlikleri', 'icon': 'calendar', ...}, ...])</failure></testcase><testcase classname="tests.test_backend.TestContent" name="test_firmalar_list_and_filter_and_detail" time="0.202" /><testcase classname="tests.test_backend.TestContent" name="test_haberler" time="0.098" /><testcase classname="tests.test_backend.TestContent" name="test_etkinlikler" time="0.095" /><testcase classname="tests.test_backend.TestContent" name="test_ilanlar" time="0.098" /><testcase classname="tests.test_backend.TestContent" name="test_is_ilanlari" time="0.048" /><testcase classname="tests.test_backend.TestContent" name="test_eczane" time="0.051" /><testcase classname="tests.test_backend.TestContent" name="test_stories" time="0.048" /><testcase classname="tests.test_backend.TestContent" name="test_posts_list" time="0.052" /><testcase classname="tests.test_backend.TestContent" name="test_discover" time="0.047" /><testcase classname="tests.test_backend.TestSocial" name="test_create_like_comment" time="0.244" /><testcase classname="tests.test_backend.TestSocial" name="test_create_post_unauthorized" time="0.046" /><testcase classname="tests.test_new_endpoints.TestNamaz" name="test_namaz_shape" time="0.104" /><testcase classname="tests.test_new_endpoints.TestIndirimler" name="test_indirimler_six_items" time="0.044" /><testcase classname="tests.test_new_endpoints.TestCategoriesEnriched" name="test_categories_have_new_fields_and_slugs" time="0.047" /><testcase classname="tests.test_new_endpoints.TestCategoriesEnriched" name="test_categories_groups" time="0.048" /><testcase classname="tests.test_new_endpoints.TestPostsSort" name="test_posts_sort_trend" time="0.045" /><testcase classname="tests.test_new_endpoints.TestPostsSort" name="test_posts_sort_latest" time="0.046" /></testsuite></testsuites>